INFO [2024-01-31 11:45:45] [[1]]
INFO [2024-01-31 11:45:45] list(A.cds.sig, B.cds.sig)
INFO [2024-01-31 11:45:45] 
INFO [2024-01-31 11:45:45] [[2]]
INFO [2024-01-31 11:45:45] NULL
INFO [2024-01-31 11:45:45] 
INFO [2024-01-31 11:45:45] $fill
INFO [2024-01-31 11:45:45] c("red", "green")
INFO [2024-01-31 11:45:45] 
INFO [2024-01-31 11:45:45] $alpha
INFO [2024-01-31 11:45:45] c(0.5, 0.5)
INFO [2024-01-31 11:45:45] 
INFO [2024-01-31 11:45:45] $cex
INFO [2024-01-31 11:45:45] [1] 2
INFO [2024-01-31 11:45:45] 
INFO [2024-01-31 11:45:45] $cat.fontface
INFO [2024-01-31 11:45:45] [1] 4
INFO [2024-01-31 11:45:45] 
INFO [2024-01-31 11:45:45] $category.names
INFO [2024-01-31 11:45:45] c("Condition A", "Condition B")
INFO [2024-01-31 11:45:45] 
