INFO [2025-12-30 14:55:00] $x
INFO [2025-12-30 14:55:00] list(IM_vs_UM = deg_IM, H_vs_UM = deg_H)
INFO [2025-12-30 14:55:00] 
INFO [2025-12-30 14:55:00] $filename
INFO [2025-12-30 14:55:00] NULL
INFO [2025-12-30 14:55:00] 
INFO [2025-12-30 14:55:00] $fill
INFO [2025-12-30 14:55:00] c("forestgreen", "royalblue")
INFO [2025-12-30 14:55:00] 
INFO [2025-12-30 14:55:00] $alpha
INFO [2025-12-30 14:55:00] [1] 0.5
INFO [2025-12-30 14:55:00] 
INFO [2025-12-30 14:55:00] $cex
INFO [2025-12-30 14:55:00] [1] 2
INFO [2025-12-30 14:55:00] 
INFO [2025-12-30 14:55:00] $cat.cex
INFO [2025-12-30 14:55:00] [1] 1.5
INFO [2025-12-30 14:55:00] 
INFO [2025-12-30 14:55:00] $main
INFO [2025-12-30 14:55:00] [1] "Overlap of DEGs IM vs UM and H vs UM"
INFO [2025-12-30 14:55:00] 
